<?xml version="1.0" encoding="UTF-8"?>
<!-- Generated by org.testng.reporters.JUnitReportReporter -->
<testsuite hostname="DESKTOP-9HIBJVC" failures="0" tests="1" name="sdet.AutomationFrameworkBatchJan.LoginPageTest" time="15.838" errors="0" timestamp="2022-04-12T11:38:13 IST" skipped="0">
  <testcase classname="sdet.AutomationFrameworkBatchJan.LoginPageTest" name="validateLoginTest5" time="15.838"/>
  <system-out/>
</testsuite> <!-- sdet.AutomationFrameworkBatchJan.LoginPageTest -->
