<?xml version="1.0" encoding="UTF-8"?>
<!-- Generated by org.testng.reporters.JUnitReportReporter -->
<testsuite skipped="2" hostname="DESKTOP-QA7T95C" name="sdet.tests.HomePageTest" tests="3" failures="0" timestamp="2022-04-16T21:53:48 IST" time="43.312" errors="0">
  <testcase name="validateCreateContactTest" time="43.312" classname="sdet.tests.HomePageTest"/>
  <system-out/>
  <testcase name="validateCreateCompanyTest" classname="sdet.tests.HomePageTest">
    <skipped/>
  </testcase> <!-- validateCreateCompanyTest -->
  <system-out/>
  <testcase name="validateLogoutTest" classname="sdet.tests.HomePageTest">
    <skipped/>
  </testcase> <!-- validateLogoutTest -->
  <system-out/>
</testsuite> <!-- sdet.tests.HomePageTest -->
