<?xml version="1.0" encoding="UTF-8"?>
<!-- Generated by org.testng.reporters.JUnitReportReporter -->
<testsuite hostname="DESKTOP-E487H2M" failures="0" tests="4" name="sdet.test.NewContactPageTest" time="126.152" errors="0" timestamp="2022-04-22T19:55:05 IST" skipped="0">
  <testcase classname="sdet.test.NewContactPageTest" name="validateCreateContactTest" time="46.363"/>
  <system-out/>
  <testcase classname="sdet.test.NewContactPageTest" name="validateCreateContactTest" time="26.895"/>
  <system-out/>
  <testcase classname="sdet.test.NewContactPageTest" name="validateCreateContactTest" time="26.191"/>
  <system-out/>
  <testcase classname="sdet.test.NewContactPageTest" name="validateCreateContactTest" time="26.703"/>
  <system-out/>
</testsuite> <!-- sdet.test.NewContactPageTest -->
