<?xml version="1.0" encoding="UTF-8"?>
<!-- Generated by org.testng.reporters.JUnitReportReporter -->
<testsuite hostname="DESKTOP-E487H2M" failures="0" tests="1" name="sdet.test.NewContactPageTest_002" time="23.390" errors="0" timestamp="2022-04-23T12:14:04 IST" skipped="0">
  <testcase classname="sdet.test.NewContactPageTest_002" name="validateCreateContactTest" time="23.390"/>
  <system-out/>
</testsuite> <!-- sdet.test.NewContactPageTest_002 -->
