<?xml version="1.0" encoding="UTF-8"?>
<!-- Generated by org.testng.reporters.JUnitReportReporter -->
<testsuite hostname="DESKTOP-65A7F74" failures="0" tests="4" name="sdet.tests.NewContactPageTest" time="191.246" errors="0" timestamp="26 Apr 2022 09:09:55 GMT" skipped="0">
  <testcase classname="sdet.tests.NewContactPageTest" name="validatenewContact" time="22.920"/>
  <testcase classname="sdet.tests.NewContactPageTest" name="validatenewContact" time="77.606"/>
  <testcase classname="sdet.tests.NewContactPageTest" name="validatenewContact" time="56.266"/>
  <testcase classname="sdet.tests.NewContactPageTest" name="validatenewContact" time="34.454"/>
</testsuite> <!-- sdet.tests.NewContactPageTest -->
