<?xml version="1.0" encoding="UTF-8"?>
<!-- Generated by org.testng.reporters.JUnitReportReporter -->
<testsuite skipped="0" hostname="DESKTOP-QA7T95C" name="sdet.tests.LoginPageTest" tests="1" failures="0" timestamp="2022-04-14T21:46:53 IST" time="21.708" errors="0">
  <testcase name="validateLogoTest" time="21.708" classname="sdet.tests.LoginPageTest"/>
  <system-out/>
</testsuite> <!-- sdet.tests.LoginPageTest -->
