<?xml version="1.0" encoding="UTF-8"?>
<!-- Generated by org.testng.reporters.JUnitReportReporter -->
<testsuite hostname="DESKTOP-9HIBJVC" failures="0" tests="3" name="sdet.test.Login_page_Test" time="68.238" errors="0" timestamp="2022-04-15T14:23:16 IST" skipped="0">
  <testcase classname="sdet.test.Login_page_Test" name="validateLoginTest" time="31.983"/>
  <system-out/>
  <testcase classname="sdet.test.Login_page_Test" name="validateLogoTest" time="17.846"/>
  <system-out/>
  <testcase classname="sdet.test.Login_page_Test" name="validatelinksTest" time="18.409"/>
  <system-out/>
</testsuite> <!-- sdet.test.Login_page_Test -->
