<?xml version="1.0" encoding="UTF-8"?>
<!-- Generated by org.testng.reporters.JUnitReportReporter -->
<testsuite hostname="DESKTOP-E487H2M" failures="0" tests="4" name="sdet.test.Home_Page_Test" time="133.684" errors="0" timestamp="2022-04-18T11:50:58 IST" skipped="1">
  <testcase classname="sdet.test.Home_Page_Test" name="validateCreateTasksTest" time="29.315"/>
  <system-out/>
  <testcase classname="sdet.test.Home_Page_Test" name="validateCreateCompanyTest" time="65.506"/>
  <system-out/>
  <testcase classname="sdet.test.Home_Page_Test" name="validateClickOnNewContactTest" time="38.863"/>
  <system-out/>
  <testcase classname="sdet.test.Home_Page_Test" name="validateLogoutTest">
    <skipped/>
  </testcase> <!-- validateLogoutTest -->
  <system-out/>
</testsuite> <!-- sdet.test.Home_Page_Test -->
