<?xml version="1.0" encoding="UTF-8"?>
<!-- Generated by org.testng.reporters.JUnitReportReporter -->
<testsuite hostname="DESKTOP-9HIBJVC" failures="0" tests="4" name="sdet.test.NewContactPage_Test" time="132.953" errors="0" timestamp="2022-04-22T11:48:55 IST" skipped="0">
  <testcase classname="sdet.test.NewContactPage_Test" name="validateCreateContactTest" time="27.780"/>
  <system-out/>
  <testcase classname="sdet.test.NewContactPage_Test" name="validateCreateContactTest" time="35.427"/>
  <system-out/>
  <testcase classname="sdet.test.NewContactPage_Test" name="validateCreateContactTest" time="36.071"/>
  <system-out/>
  <testcase classname="sdet.test.NewContactPage_Test" name="validateCreateContactTest" time="33.675"/>
  <system-out/>
</testsuite> <!-- sdet.test.NewContactPage_Test -->
