<?xml version="1.0" encoding="UTF-8"?>
<!-- Generated by org.testng.reporters.JUnitReportReporter -->
<testsuite hostname="DESKTOP-9HIBJVC" failures="0" tests="4" name="sdet.test.Home_page_Test" time="34.708" errors="0" timestamp="2022-04-16T21:57:38 IST" skipped="3">
  <testcase classname="sdet.test.Home_page_Test" name="validateCreateContactTest" time="34.708"/>
  <system-out/>
  <testcase classname="sdet.test.Home_page_Test" name="validateCreateCompanyTest">
    <skipped/>
  </testcase> <!-- validateCreateCompanyTest -->
  <system-out/>
  <testcase classname="sdet.test.Home_page_Test" name="validateCreateTaskTest">
    <skipped/>
  </testcase> <!-- validateCreateTaskTest -->
  <system-out/>
  <testcase classname="sdet.test.Home_page_Test" name="validateLogoutTest">
    <skipped/>
  </testcase> <!-- validateLogoutTest -->
  <system-out/>
</testsuite> <!-- sdet.test.Home_page_Test -->
