<?xml version="1.0" encoding="UTF-8"?>
<!-- Generated by org.testng.reporters.JUnitReportReporter -->
<testsuite hostname="DESKTOP-65A7F74" failures="0" tests="1" name="sdet.tests.LoginPageTest" time="8.913" errors="0" timestamp="18 Apr 2022 02:48:31 GMT" skipped="0">
  <testcase classname="sdet.tests.LoginPageTest" name="validLogoTest" time="8.913"/>
</testsuite> <!-- sdet.tests.LoginPageTest -->
