<?xml version="1.0" encoding="UTF-8"?>
<!-- Generated by org.testng.reporters.JUnitReportReporter -->
<testsuite hostname="DESKTOP-65A7F74" failures="0" tests="3" name="sdet.tests.HomePageTest" time="18.515" errors="0" timestamp="22 Apr 2022 03:13:21 GMT" skipped="2">
  <testcase classname="sdet.tests.HomePageTest" name="validLoginTest" time="18.515"/>
  <testcase classname="sdet.tests.HomePageTest" name="validCreateContactTest">
    <skipped/>
  </testcase> <!-- validCreateContactTest -->
  <testcase classname="sdet.tests.HomePageTest" name="createCompany">
    <skipped/>
  </testcase> <!-- createCompany -->
</testsuite> <!-- sdet.tests.HomePageTest -->
