<?xml version="1.0" encoding="UTF-8"?>
<!-- Generated by org.testng.reporters.JUnitReportReporter -->
<testsuite hostname="DESKTOP-E487H2M" failures="0" tests="1" name="sdet.test_PracticeDemo.LoginPageTestDemo" time="18.697" errors="0" timestamp="2022-04-23T16:30:52 IST" skipped="0">
  <testcase classname="sdet.test_PracticeDemo.LoginPageTestDemo" name="valildateLoginTestDemo" time="18.697"/>
  <system-out/>
</testsuite> <!-- sdet.test_PracticeDemo.LoginPageTestDemo -->
