<?xml version="1.0" encoding="UTF-8"?>
<!-- Generated by org.testng.reporters.JUnitReportReporter -->
<testsuite skipped="0" hostname="DESKTOP-QA7T95C" name="sdet.tests.NewContactPageTest" tests="1" failures="0" timestamp="2022-04-16T22:27:29 IST" time="68.789" errors="0">
  <testcase name="validateCreateContactTest" time="68.789" classname="sdet.tests.NewContactPageTest"/>
  <system-out/>
</testsuite> <!-- sdet.tests.NewContactPageTest -->
