<?xml version="1.0" encoding="UTF-8"?>
<!-- Generated by org.testng.reporters.JUnitReportReporter -->
<testsuite hostname="DESKTOP-E487H2M" failures="0" tests="1" name="sdet.test.NewCompanyPageTest" time="22.651" errors="0" timestamp="2022-04-21T17:24:24 IST" skipped="0">
  <testcase classname="sdet.test.NewCompanyPageTest" name="validateCreateCompanyTest" time="22.651"/>
  <system-out/>
</testsuite> <!-- sdet.test.NewCompanyPageTest -->
