<?xml version="1.0" encoding="UTF-8"?>
<!-- Generated by org.testng.reporters.JUnitReportReporter -->
<testsuite hostname="DESKTOP-E487H2M" failures="0" tests="7" name="sdet.test.LoginTest_003" time="49.655" errors="0" timestamp="2022-04-14T15:00:41 IST" skipped="0">
  <testcase classname="sdet.test.LoginTest_003" name="validateLoginTest1" time="10.728"/>
  <system-out/>
  <testcase classname="sdet.test.LoginTest_003" name="validateLoginTest2" time="7.175"/>
  <system-out/>
  <testcase classname="sdet.test.LoginTest_003" name="validateLoginTest3" time="8.769"/>
  <system-out/>
  <testcase classname="sdet.test.LoginTest_003" name="validateLoginTest4" time="7.266"/>
  <system-out/>
  <testcase classname="sdet.test.LoginTest_003" name="validateLoginTest5" time="5.530"/>
  <system-out/>
  <testcase classname="sdet.test.LoginTest_003" name="validateLoginTest6" time="5.340"/>
  <system-out/>
  <testcase classname="sdet.test.LoginTest_003" name="validateLoginTest7" time="4.847"/>
  <system-out/>
</testsuite> <!-- sdet.test.LoginTest_003 -->
