<?xml version="1.0" encoding="UTF-8"?>
<!-- Generated by org.testng.reporters.JUnitReportReporter -->
<testsuite hostname="DESKTOP-E487H2M" failures="0" tests="7" name="sdet.test.LoginTest_002" time="62.528" errors="0" timestamp="2022-04-13T16:58:16 IST" skipped="0">
  <testcase classname="sdet.test.LoginTest_002" name="validateLoginTest7" time="6.789"/>
  <system-out/>
  <testcase classname="sdet.test.LoginTest_002" name="validateLoginTest1" time="12.180"/>
  <system-out/>
  <testcase classname="sdet.test.LoginTest_002" name="validateLoginTest2" time="8.630"/>
  <system-out/>
  <testcase classname="sdet.test.LoginTest_002" name="validateLoginTest4" time="8.533"/>
  <system-out/>
  <testcase classname="sdet.test.LoginTest_002" name="validateLoginTest5" time="7.009"/>
  <system-out/>
  <testcase classname="sdet.test.LoginTest_002" name="validateLoginTest6" time="7.104"/>
  <system-out/>
  <testcase classname="sdet.test.LoginTest_002" name="validateLoginTest3" time="12.283"/>
  <system-out/>
</testsuite> <!-- sdet.test.LoginTest_002 -->
